<?xml version="1.0" encoding="UTF-8"?>
<testng-results ignored="0" total="2" passed="2" failed="0" skipped="0">
  <reporter-output>
  </reporter-output>
  <suite started-at="2023-11-19T10:29:21 IST" name="Default suite" finished-at="2023-11-19T10:29:46 IST" duration-ms="24681">
    <groups>
      <group name="cucumber">
        <method signature="AbstractTestNGCucumberTests.runScenario(io.cucumber.testng.PickleWrapper,io.cucumber.testng.FeatureWrapper)[pri:0, instance:runner.RunCuke@ba2f4ec]" name="runScenario" class="io.cucumber.testng.AbstractTestNGCucumberTests"/>
      </group> <!-- cucumber -->
    </groups>
    <test started-at="2023-11-19T10:29:21 IST" name="Default test" finished-at="2023-11-19T10:29:46 IST" duration-ms="24681">
      <class name="runner.RunCuke">
        <test-method is-config="true" signature="setUpClass(org.testng.ITestContext)[pri:0, instance:runner.RunCuke@ba2f4ec]" started-at="2023-11-19T10:29:21 IST" name="setUpClass" finished-at="2023-11-19T10:29:22 IST" duration-ms="1149" status="PASS">
          <params>
            <param index="0">
              <value>
                <![CDATA[org.testng.TestRunner@7d0614f]]>
              </value>
            </param>
          </params>
          <reporter-output>
          </reporter-output>
        </test-method> <!-- setUpClass -->
        <test-method signature="runScenario(io.cucumber.testng.PickleWrapper,io.cucumber.testng.FeatureWrapper)[pri:0, instance:runner.RunCuke@ba2f4ec]" started-at="2023-11-19T10:29:22 IST" name="runScenario" description="Runs Cucumber Scenarios" data-provider="scenarios" finished-at="2023-11-19T10:29:37 IST" duration-ms="14821" status="PASS">
          <params>
            <param index="0">
              <value>
                <![CDATA["Validate as a user I am able to login"]]>
              </value>
            </param>
            <param index="1">
              <value>
                <![CDATA["Validate login page is working as expected"]]>
              </value>
            </param>
          </params>
          <reporter-output>
          </reporter-output>
        </test-method> <!-- runScenario -->
        <test-method signature="runScenario(io.cucumber.testng.PickleWrapper,io.cucumber.testng.FeatureWrapper)[pri:0, instance:runner.RunCuke@ba2f4ec]" started-at="2023-11-19T10:29:22 IST" name="runScenario" description="Runs Cucumber Scenarios" data-provider="scenarios" finished-at="2023-11-19T10:29:44 IST" duration-ms="22371" status="PASS">
          <params>
            <param index="0">
              <value>
                <![CDATA["Validate as a user I am able to logout"]]>
              </value>
            </param>
            <param index="1">
              <value>
                <![CDATA["Validate dashboard is working as expected"]]>
              </value>
            </param>
          </params>
          <reporter-output>
          </reporter-output>
        </test-method> <!-- runScenario -->
        <test-method is-config="true" signature="tearDownClass()[pri:0, instance:runner.RunCuke@ba2f4ec]" started-at="2023-11-19T10:29:44 IST" name="tearDownClass" finished-at="2023-11-19T10:29:46 IST" duration-ms="1118" status="PASS">
          <reporter-output>
          </reporter-output>
        </test-method> <!-- tearDownClass -->
      </class> <!-- runner.RunCuke -->
    </test> <!-- Default test -->
  </suite> <!-- Default suite -->
</testng-results>
